<?xml version="1.0" encoding="UTF-8" ?>
<testsuite tests="6" failures="1" name="first2" time="0.014" errors="0" skipped="0">
  <properties>
[...]
</properties>
  <testcase classname="first2" name="first2.testdiv" time="0.001"/>
  <testcase classname="first2" name="first2.testadd" time="0"/>
  <testcase classname="first2" name="first2.testdivdouble" time="0"/>
  <testcase classname="first2" name="first2.testmax" time="0"/>
  <testcase classname="first2" name="first2.testmul" time="0.002"/>
  <testcase classname="first2" name="first2.testmaxf" time="0.011">
    <failure message="expected: &lt;2&gt; but was: &lt;6&gt;" type="org.opentest4j.AssertionFailedError">org.opentest4j.AssertionFailedError: expected: &lt;2&gt; but was: &lt;6&gt;
	at org.junit.jupiter.api.AssertionUtils.fail(AssertionUtils.java:55)
	at org.junit.jupiter.api.AssertionUtils.failNotEqual(AssertionUtils.java:62)
	at org.junit.jupiter.api.AssertEquals.assertEquals(AssertEquals.java:150)
	at org.junit.jupiter.api.AssertEquals.assertEquals(AssertEquals.java:145)
	at org.junit.jupiter.api.Assertions.assertEquals(Assertions.java:510)
	at first2.testmaxf(first2.java:65)
</failure>
  </testcase>
</testsuite>